C:\Program Files (x86)\Microsoft Visual Studio\2019\Community\MSBuild\Microsoft\VC\v160\Microsoft.CppBuild.targets(438,5): warning MSB8004: Output Directory does not end with a trailing slash.  This build instance will add the slash as it is required to allow proper evaluation of the Output Directory.
  CSMACA.c
  Generic_RateAdaptation.c
  IEEE1609_interface.c
  IEEE802.11_OFDMPhy.c
  IEEE802_11.c
  IEEE802_11ac.c
  IEEE802_11e.c
  IEEE802_11n.c
  IEEE802_11_DSSSPhy.c
  IEEE802_11_enum.c
  IEEE802_11_HTPhy.c
  IEEE802_11_Mac.c
  IEEE802_11_MacFrame.c
  IEEE802_11_Phy.c
  IEEE802_11_PhyFrame.c
  IEEE802_11_Radio.c
  InfrastructureBSS.c
  MeshBSS.c
  Minstrel.c
  Minstrel_ht.c
  D:\File Exchange\IDS_in_MANETs_v12\WorkSpace_IDS_MANETs\src\Simulation\IEEE802_11\Minstrel_ht.c(782) : Warning Msg: Implement the HT_Minstrel_Free
  Generating Code...
  Compiling...
  PropagationModel.c
  RTS_CTS.c
  Watchdog.c
  Generating Code...
C:\Program Files (x86)\Microsoft Visual Studio\2019\Community\MSBuild\Microsoft\VC\v160\Microsoft.CppBuild.targets(1264,5): warning MSB8012: TargetPath(D:\File Exchange\IDS_in_MANETs_v12\WorkSpace_IDS_MANETs\src\Simulation\IEEE802_11\..\..\..\bin\bin_x86\IEEE802_11.dll) does not match the Linker's OutputFile property value (D:\File Exchange\IDS_in_MANETs_v12\WorkSpace_IDS_MANETs\bin\bin_x86\libIEEE802.11.dll). This may cause your project to build incorrectly. To correct this, please make sure that $(OutDir), $(TargetName) and $(TargetExt) property values match the value specified in %(Link.OutputFile).
C:\Program Files (x86)\Microsoft Visual Studio\2019\Community\MSBuild\Microsoft\VC\v160\Microsoft.CppBuild.targets(1266,5): warning MSB8012: TargetName(IEEE802_11) does not match the Linker's OutputFile property value (libIEEE802.11). This may cause your project to build incorrectly. To correct this, please make sure that $(OutDir), $(TargetName) and $(TargetExt) property values match the value specified in %(Link.OutputFile).
CSMACA.obj : warning LNK4075: ignoring '/EDITANDCONTINUE' due to '/INCREMENTAL:NO' specification
  IEEE802.11.lib(IEEE802.11lib.obj) : MSIL .netmodule or module compiled with /GL found; restarting link with /LTCG; add /LTCG to the link command line to improve linker performance
CSMACA.obj : warning LNK4075: ignoring '/EDITANDCONTINUE' due to '/INCREMENTAL:NO' specification
LINK : fatal error LNK1104: cannot open file 'libDSR.lib'
