d:\file exchange\ids_in_manets_v12\workspace_ids_manets\src\simulation\ieee802_11\x64\debug\vc142.pdb
d:\file exchange\ids_in_manets_v12\workspace_ids_manets\src\simulation\ieee802_11\x64\debug\vc142.idb
d:\file exchange\ids_in_manets_v12\workspace_ids_manets\src\simulation\ieee802_11\x64\debug\minstrel_ht.obj
d:\file exchange\ids_in_manets_v12\workspace_ids_manets\src\simulation\ieee802_11\x64\debug\minstrel.obj
d:\file exchange\ids_in_manets_v12\workspace_ids_manets\src\simulation\ieee802_11\x64\debug\meshbss.obj
d:\file exchange\ids_in_manets_v12\workspace_ids_manets\src\simulation\ieee802_11\x64\debug\infrastructurebss.obj
d:\file exchange\ids_in_manets_v12\workspace_ids_manets\src\simulation\ieee802_11\x64\debug\ieee802_11_radio.obj
d:\file exchange\ids_in_manets_v12\workspace_ids_manets\src\simulation\ieee802_11\x64\debug\ieee802_11_phyframe.obj
d:\file exchange\ids_in_manets_v12\workspace_ids_manets\src\simulation\ieee802_11\x64\debug\ieee802_11_phy.obj
d:\file exchange\ids_in_manets_v12\workspace_ids_manets\src\simulation\ieee802_11\x64\debug\ieee802_11_macframe.obj
d:\file exchange\ids_in_manets_v12\workspace_ids_manets\src\simulation\ieee802_11\x64\debug\ieee802_11_mac.obj
d:\file exchange\ids_in_manets_v12\workspace_ids_manets\src\simulation\ieee802_11\x64\debug\ieee802_11_htphy.obj
d:\file exchange\ids_in_manets_v12\workspace_ids_manets\src\simulation\ieee802_11\x64\debug\ieee802_11_enum.obj
d:\file exchange\ids_in_manets_v12\workspace_ids_manets\src\simulation\ieee802_11\x64\debug\ieee802_11_dsssphy.obj
d:\file exchange\ids_in_manets_v12\workspace_ids_manets\src\simulation\ieee802_11\x64\debug\ieee802_11n.obj
d:\file exchange\ids_in_manets_v12\workspace_ids_manets\src\simulation\ieee802_11\x64\debug\ieee802_11e.obj
d:\file exchange\ids_in_manets_v12\workspace_ids_manets\src\simulation\ieee802_11\x64\debug\ieee802_11ac.obj
d:\file exchange\ids_in_manets_v12\workspace_ids_manets\src\simulation\ieee802_11\x64\debug\ieee802_11.obj
d:\file exchange\ids_in_manets_v12\workspace_ids_manets\src\simulation\ieee802_11\x64\debug\ieee802.11_ofdmphy.obj
d:\file exchange\ids_in_manets_v12\workspace_ids_manets\src\simulation\ieee802_11\x64\debug\ieee1609_interface.obj
d:\file exchange\ids_in_manets_v12\workspace_ids_manets\src\simulation\ieee802_11\x64\debug\generic_rateadaptation.obj
d:\file exchange\ids_in_manets_v12\workspace_ids_manets\src\simulation\ieee802_11\x64\debug\csmaca.obj
d:\file exchange\ids_in_manets_v12\workspace_ids_manets\src\simulation\ieee802_11\x64\debug\watchdog.obj
d:\file exchange\ids_in_manets_v12\workspace_ids_manets\src\simulation\ieee802_11\x64\debug\rts_cts.obj
d:\file exchange\ids_in_manets_v12\workspace_ids_manets\src\simulation\ieee802_11\x64\debug\propagationmodel.obj
d:\file exchange\ids_in_manets_v12\workspace_ids_manets\bin\bin_x64\ieee802_11.lib
d:\file exchange\ids_in_manets_v12\workspace_ids_manets\bin\bin_x64\ieee802_11.exp
d:\file exchange\ids_in_manets_v12\workspace_ids_manets\bin\bin_x64\libieee802.11.dll
d:\file exchange\ids_in_manets_v12\workspace_ids_manets\bin\bin_x64\ieee802_11.pdb
d:\file exchange\ids_in_manets_v12\workspace_ids_manets\src\simulation\ieee802_11\x64\debug\ieee802_11.tlog\cl.command.1.tlog
d:\file exchange\ids_in_manets_v12\workspace_ids_manets\src\simulation\ieee802_11\x64\debug\ieee802_11.tlog\cl.read.1.tlog
d:\file exchange\ids_in_manets_v12\workspace_ids_manets\src\simulation\ieee802_11\x64\debug\ieee802_11.tlog\cl.write.1.tlog
d:\file exchange\ids_in_manets_v12\workspace_ids_manets\src\simulation\ieee802_11\x64\debug\ieee802_11.tlog\ieee802_11.write.1u.tlog
d:\file exchange\ids_in_manets_v12\workspace_ids_manets\src\simulation\ieee802_11\x64\debug\ieee802_11.tlog\link.command.1.tlog
d:\file exchange\ids_in_manets_v12\workspace_ids_manets\src\simulation\ieee802_11\x64\debug\ieee802_11.tlog\link.read.1.tlog
d:\file exchange\ids_in_manets_v12\workspace_ids_manets\src\simulation\ieee802_11\x64\debug\ieee802_11.tlog\link.write.1.tlog
