C:\Program Files (x86)\Microsoft Visual Studio\2019\Community\MSBuild\Microsoft\VC\v160\Microsoft.CppBuild.targets(438,5): warning MSB8004: Output Directory does not end with a trailing slash.  This build instance will add the slash as it is required to allow proper evaluation of the Output Directory.
  CheckRouteFound.c
  DSR.c
D:\File Exchange\IDS_in_MANETs_v12\WorkSpace_IDS_MANETs\src\Simulation\DSR\DSR.c(88,36): warning C4013:  'fn_NetSim_DSR_MaliciousNode' undefined; assuming extern returning int
D:\File Exchange\IDS_in_MANETs_v12\WorkSpace_IDS_MANETs\src\Simulation\DSR\DSR.c(140,55): warning C4013:  'fn_NetSim_DSR_MaliciousProcessSourceRouteOption' undefined; assuming extern returning int
  MaintBuffer.c
  Malicious.c
  Network_Layer_Ack.c
  PacketProcessing.c
  Pathrater.c
  RouteCache.c
  RouteError.c
  RouteReply.c
  RouteRequest.c
  SendBuffer.c
  SourceRoute.c
  Generating Code...
D:\File Exchange\IDS_in_MANETs_v12\WorkSpace_IDS_MANETs\src\Simulation\DSR\DSR.c(155,46): warning C4013:  'fn_NetSim_DSR_MaliciousRouteAddToCache' undefined; assuming extern returning int
C:\Program Files (x86)\Microsoft Visual Studio\2019\Community\MSBuild\Microsoft\VC\v160\Microsoft.CppBuild.targets(1264,5): warning MSB8012: TargetPath(D:\File Exchange\IDS_in_MANETs_v12\WorkSpace_IDS_MANETs\src\Simulation\DSR\..\..\..\bin\bin_x64\DSR.dll) does not match the Linker's OutputFile property value (D:\File Exchange\IDS_in_MANETs_v12\WorkSpace_IDS_MANETs\bin\bin_x64\libDSR.dll). This may cause your project to build incorrectly. To correct this, please make sure that $(OutDir), $(TargetName) and $(TargetExt) property values match the value specified in %(Link.OutputFile).
C:\Program Files (x86)\Microsoft Visual Studio\2019\Community\MSBuild\Microsoft\VC\v160\Microsoft.CppBuild.targets(1266,5): warning MSB8012: TargetName(DSR) does not match the Linker's OutputFile property value (libDSR). This may cause your project to build incorrectly. To correct this, please make sure that $(OutDir), $(TargetName) and $(TargetExt) property values match the value specified in %(Link.OutputFile).
CheckRouteFound.obj : warning LNK4075: ignoring '/EDITANDCONTINUE' due to '/INCREMENTAL:NO' specification
  List.lib(List.obj) : MSIL .netmodule or module compiled with /GL found; restarting link with /LTCG; add /LTCG to the link command line to improve linker performance
CheckRouteFound.obj : warning LNK4075: ignoring '/EDITANDCONTINUE' due to '/INCREMENTAL:NO' specification
     Creating library ..\..\..\bin\bin_x64\libDSR.lib and object ..\..\..\bin\bin_x64\libDSR.exp
LINK : warning LNK4098: defaultlib 'MSVCRT' conflicts with use of other libs; use /NODEFAULTLIB:library
  Generating code
  Finished generating code
List.lib(List.obj) : warning LNK4099: PDB 'List.pdb' was not found with 'List.lib(List.obj)' or at 'D:\File Exchange\IDS_in_MANETs_v12\WorkSpace_IDS_MANETs\bin\bin_x64\List.pdb'; linking object as if no debug info
DSR.lib(DSR.obj) : warning LNK4099: PDB 'DSRLib.pdb' was not found with 'DSR.lib(DSR.obj)' or at 'D:\File Exchange\IDS_in_MANETs_v12\WorkSpace_IDS_MANETs\bin\bin_x64\DSRLib.pdb'; linking object as if no debug info
DSR.lib(LinkLayerAck.obj) : warning LNK4099: PDB 'DSRLib.pdb' was not found with 'DSR.lib(LinkLayerAck.obj)' or at 'D:\File Exchange\IDS_in_MANETs_v12\WorkSpace_IDS_MANETs\bin\bin_x64\DSRLib.pdb'; linking object as if no debug info
  DSR.vcxproj -> D:\File Exchange\IDS_in_MANETs_v12\WorkSpace_IDS_MANETs\src\Simulation\DSR\..\..\..\bin\bin_x64\DSR.dll
