d:\file exchange\ids_in_manets_v12\workspace_ids_manets\src\simulation\dsr\x64\debug\vc142.pdb
d:\file exchange\ids_in_manets_v12\workspace_ids_manets\src\simulation\dsr\x64\debug\vc142.idb
d:\file exchange\ids_in_manets_v12\workspace_ids_manets\src\simulation\dsr\x64\debug\sourceroute.obj
d:\file exchange\ids_in_manets_v12\workspace_ids_manets\src\simulation\dsr\x64\debug\sendbuffer.obj
d:\file exchange\ids_in_manets_v12\workspace_ids_manets\src\simulation\dsr\x64\debug\routerequest.obj
d:\file exchange\ids_in_manets_v12\workspace_ids_manets\src\simulation\dsr\x64\debug\routereply.obj
d:\file exchange\ids_in_manets_v12\workspace_ids_manets\src\simulation\dsr\x64\debug\routeerror.obj
d:\file exchange\ids_in_manets_v12\workspace_ids_manets\src\simulation\dsr\x64\debug\routecache.obj
d:\file exchange\ids_in_manets_v12\workspace_ids_manets\src\simulation\dsr\x64\debug\pathrater.obj
d:\file exchange\ids_in_manets_v12\workspace_ids_manets\src\simulation\dsr\x64\debug\packetprocessing.obj
d:\file exchange\ids_in_manets_v12\workspace_ids_manets\src\simulation\dsr\x64\debug\network_layer_ack.obj
d:\file exchange\ids_in_manets_v12\workspace_ids_manets\src\simulation\dsr\x64\debug\malicious.obj
d:\file exchange\ids_in_manets_v12\workspace_ids_manets\src\simulation\dsr\x64\debug\maintbuffer.obj
d:\file exchange\ids_in_manets_v12\workspace_ids_manets\src\simulation\dsr\x64\debug\dsr.obj
d:\file exchange\ids_in_manets_v12\workspace_ids_manets\src\simulation\dsr\x64\debug\checkroutefound.obj
d:\file exchange\ids_in_manets_v12\workspace_ids_manets\src\simulation\dsr\x64\debug\dsr.tlog\cl.command.1.tlog
d:\file exchange\ids_in_manets_v12\workspace_ids_manets\src\simulation\dsr\x64\debug\dsr.tlog\cl.read.1.tlog
d:\file exchange\ids_in_manets_v12\workspace_ids_manets\src\simulation\dsr\x64\debug\dsr.tlog\cl.write.1.tlog
d:\file exchange\ids_in_manets_v12\workspace_ids_manets\src\simulation\dsr\x64\debug\dsr.tlog\link.17916.read.1.tlog
d:\file exchange\ids_in_manets_v12\workspace_ids_manets\src\simulation\dsr\x64\debug\dsr.tlog\link.17916.write.1.tlog
d:\file exchange\ids_in_manets_v12\workspace_ids_manets\src\simulation\dsr\x64\debug\dsr.tlog\link.command.1.tlog
d:\file exchange\ids_in_manets_v12\workspace_ids_manets\src\simulation\dsr\x64\debug\dsr.tlog\link.read.1.tlog
d:\file exchange\ids_in_manets_v12\workspace_ids_manets\src\simulation\dsr\x64\debug\dsr.tlog\link.write.1.tlog
